-------------------------------------------------------------------------------
Test set: runner.RunCucumberTest
-------------------------------------------------------------------------------
Tests run: 1, Failures: 0, Errors: 1, Skipped: 0, Time elapsed: 0.633 s <<< FAILURE! - in runner.RunCucumberTest
Open Chrome browser.User opens Chrome browser  Time elapsed: 0.148 s  <<< ERROR!
java.util.NoSuchElementException: No value present

